Compiling the C compiler identification source file "CMakeCCompilerId.c" failed.
Compiler: /usr/bin/cc 
Build flags: 
Id flags:  

The output was:
1
cc1: fatal error: CMakeCCompilerId.c: No such file or directory
compilation terminated.


Compiling the C compiler identification source file "CMakeCCompilerId.c" failed.
Compiler: /usr/bin/cc 
Build flags: 
Id flags: -c 

The output was:
1
cc1: fatal error: CMakeCCompilerId.c: No such file or directory
compilation terminated.


Compiling the C compiler identification source file "CMakeCCompilerId.c" failed.
Compiler: /usr/bin/cc 
Build flags: 
Id flags: -Aa 

The output was:
1
<command-line>: error: missing '(' after predicate


Compiling the C compiler identification source file "CMakeCCompilerId.c" failed.
Compiler: /bin/gcc-9 
Build flags: 
Id flags:  

The output was:
1
/usr/bin/ld: cannot open output file a.out: No such file or directory
collect2: error: ld returned 1 exit status


Compiling the C compiler identification source file "CMakeCCompilerId.c" failed.
Compiler: /usr/bin/cc 
Build flags: 
Id flags: -D__CLASSIC_C__ 

The output was:
1
/usr/bin/ld: cannot open output file a.out: No such file or directory
collect2: error: ld returned 1 exit status


Compiling the C compiler identification source file "CMakeCCompilerId.c" failed.
Compiler: /usr/bin/cc 
Build flags: 
Id flags: --target=arm-arm-none-eabi;-mcpu=cortex-m3 

The output was:
1
cc: warning: ‘-mcpu=’ is deprecated; use ‘-mtune=’ or ‘-march=’ instead
cc: error: unrecognized command line option ‘--target=arm-arm-none-eabi’


Compiling the C compiler identification source file "CMakeCCompilerId.c" failed.
Compiler: /bin/gcc-9 
Build flags: 
Id flags: -c 

The output was:
1
Assembler messages:
Fatal error: can't create CMakeCCompilerId.o: No such file or directory


Compiling the C compiler identification source file "CMakeCCompilerId.c" failed.
Compiler: /bin/gcc-9 
Build flags: 
Id flags: -Aa 

The output was:
1
<command-line>: error: missing '(' after predicate


Compiling the C compiler identification source file "CMakeCCompilerId.c" failed.
Compiler: /usr/bin/cc 
Build flags: 
Id flags:  

The output was:
1
/usr/bin/ld: cannot open output file a.out: No such file or directory
collect2: error: ld returned 1 exit status


Compiling the C compiler identification source file "CMakeCCompilerId.c" failed.
Compiler: /bin/gcc-9 
Build flags: 
Id flags: -D__CLASSIC_C__ 

The output was:
1
cc1: fatal error: CMakeCCompilerId.c: No such file or directory
compilation terminated.


Compiling the C compiler identification source file "CMakeCCompilerId.c" failed.
Compiler: /bin/gcc-9 
Build flags: 
Id flags: --target=arm-arm-none-eabi;-mcpu=cortex-m3 

The output was:
1
gcc-9: warning: ‘-mcpu=’ is deprecated; use ‘-mtune=’ or ‘-march=’ instead
gcc-9: error: unrecognized command line option ‘--target=arm-arm-none-eabi’


Compiling the C compiler identification source file "CMakeCCompilerId.c" failed.
Compiler: /usr/bin/cc 
Build flags: 
Id flags: -c 

The output was:
1
Assembler messages:
Fatal error: can't create CMakeCCompilerId.o: No such file or directory


Compiling the C compiler identification source file "CMakeCCompilerId.c" failed.
Compiler: /bin/gcc-9 
Build flags: 
Id flags:  

The output was:
1
cc1: fatal error: CMakeCCompilerId.c: No such file or directory
compilation terminated.


Compiling the C compiler identification source file "CMakeCCompilerId.c" failed.
Compiler: /usr/bin/cc 
Build flags: 
Id flags: -Aa 

The output was:
1
<command-line>: error: missing '(' after predicate


Compiling the C compiler identification source file "CMakeCCompilerId.c" failed.
Compiler: /bin/gcc-9 
Build flags: 
Id flags: -c 

The output was:
1
Assembler messages:
Fatal error: can't create CMakeCCompilerId.o: No such file or directory


Compiling the C compiler identification source file "CMakeCCompilerId.c" failed.
Compiler: /usr/bin/cc 
Build flags: 
Id flags: -D__CLASSIC_C__ 

The output was:
1
/usr/bin/ld: cannot open output file a.out: No such file or directory
collect2: error: ld returned 1 exit status


Compiling the C compiler identification source file "CMakeCCompilerId.c" failed.
Compiler: /bin/gcc-9 
Build flags: 
Id flags: -Aa 

The output was:
1
<command-line>: error: missing '(' after predicate


Compiling the C compiler identification source file "CMakeCCompilerId.c" failed.
Compiler: /usr/bin/cc 
Build flags: 
Id flags: --target=arm-arm-none-eabi;-mcpu=cortex-m3 

The output was:
1
cc: warning: ‘-mcpu=’ is deprecated; use ‘-mtune=’ or ‘-march=’ instead
cc: error: unrecognized command line option ‘--target=arm-arm-none-eabi’


Checking whether the C compiler is IAR using "" did not match "IAR .+ Compiler":
cc: fatal error: no input files
compilation terminated.
Checking whether the C compiler is IAR using "" did not match "IAR .+ Compiler":
cc: fatal error: no input files
compilation terminated.
Compilation of the CXX compiler identification source "CMakeCXXCompilerId.cpp" did not produce an executable in "/home/william/Documents/MatrixStrategy/MatrixStrategy/build/CMakeFiles/3.16.3/CompilerIdCXX".

Compiling the CXX compiler identification source file "CMakeCXXCompilerId.cpp" failed.
Compiler: /bin/g++-9 
Build flags: 
Id flags:  

The output was:
1
/usr/bin/ld: cannot open output file a.out: No such file or directory
collect2: error: ld returned 1 exit status


The CXX compiler identification could not be found in "/home/william/Documents/MatrixStrategy/MatrixStrategy/build/CMakeFiles/3.16.3/CompilerIdCXX/CMakeCXXCompilerId.o"

Compilation of the CXX compiler identification source "CMakeCXXCompilerId.cpp" did not produce an executable in "/home/william/Documents/MatrixStrategy/MatrixStrategy/build/CMakeFiles/3.16.3/CompilerIdCXX".

Compiling the CXX compiler identification source file "CMakeCXXCompilerId.cpp" failed.
Compiler: /usr/bin/c++ 
Build flags: 
Id flags: --c++ 

The output was:
1
c++: error: unrecognized command line option ‘--c++’


Compiling the CXX compiler identification source file "CMakeCXXCompilerId.cpp" failed.
Compiler: /bin/g++-9 
Build flags: 
Id flags: --c++ 

The output was:
1
g++-9: error: unrecognized command line option ‘--c++’


Compiling the CXX compiler identification source file "CMakeCXXCompilerId.cpp" failed.
Compiler: /bin/g++-9 
Build flags: 
Id flags: --ec++ 

The output was:
1
g++-9: error: unrecognized command line option ‘--ec++’; did you mean ‘-Weffc++’?


Compiling the CXX compiler identification source file "CMakeCXXCompilerId.cpp" failed.
Compiler: /usr/bin/c++ 
Build flags: 
Id flags: --ec++ 

The output was:
1
c++: error: CMakeCXXCompilerId.cpp: No such file or directory
c++: error: unrecognized command line option ‘--ec++’; did you mean ‘-Weffc++’?
c++: fatal error: no input files
compilation terminated.


Compiling the CXX compiler identification source file "CMakeCXXCompilerId.cpp" failed.
Compiler: /bin/g++-9 
Build flags: 
Id flags: --target=arm-arm-none-eabi;-mcpu=cortex-m3 

The output was:
1
g++-9: warning: ‘-mcpu=’ is deprecated; use ‘-mtune=’ or ‘-march=’ instead
g++-9: error: unrecognized command line option ‘--target=arm-arm-none-eabi’


Compiling the CXX compiler identification source file "CMakeCXXCompilerId.cpp" failed.
Compiler: /usr/bin/c++ 
Build flags: 
Id flags: --target=arm-arm-none-eabi;-mcpu=cortex-m3 

The output was:
1
c++: warning: ‘-mcpu=’ is deprecated; use ‘-mtune=’ or ‘-march=’ instead
c++: error: unrecognized command line option ‘--target=arm-arm-none-eabi’


Compiling the CXX compiler identification source file "CMakeCXXCompilerId.cpp" failed.
Compiler: /bin/g++-9 
Build flags: 
Id flags:  

The output was:
1
g++-9: error: CMakeCXXCompilerId.cpp: No such file or directory
g++-9: fatal error: no input files
compilation terminated.


Detecting C compiler ABI info failed to compile with the following output:
Change Dir: /home/william/Documents/MatrixStrategy/MatrixStrategy/build/CMakeFiles/CMakeTmp

Run Build Command(s):/usr/bin/ninja cmTC_23cab && [1/2] Building C object CMakeFiles/cmTC_23cab.dir/CMakeCCompilerABI.c.o
[2/2] Linking C executable cmTC_23cab
Using built-in specs.
COLLECT_GCC=/bin/gcc-9
COLLECT_LTO_WRAPPER=/usr/lib/gcc/x86_64-linux-gnu/9/lto-wrapper
OFFLOAD_TARGET_NAMES=nvptx-none:hsa
OFFLOAD_TARGET_DEFAULT=1
Target: x86_64-linux-gnu
Configured with: ../src/configure -v --with-pkgversion='Ubuntu 9.3.0-10ubuntu2' --with-bugurl=file:///usr/share/doc/gcc-9/README.Bugs --enable-languages=c,ada,c++,go,brig,d,fortran,objc,obj-c++,gm2 --prefix=/usr --with-gcc-major-version-only --program-suffix=-9 --program-prefix=x86_64-linux-gnu- --enable-shared --enable-linker-build-id --libexecdir=/usr/lib --without-included-gettext --enable-threads=posix --libdir=/usr/lib --enable-nls --enable-clocale=gnu --enable-libstdcxx-debug --enable-libstdcxx-time=yes --with-default-libstdcxx-abi=new --enable-gnu-unique-object --disable-vtable-verify --enable-plugin --enable-default-pie --with-system-zlib --with-target-system-zlib=auto --enable-objc-gc=auto --enable-multiarch --disable-werror --with-arch-32=i686 --with-abi=m64 --with-multilib-list=m32,m64,mx32 --enable-multilib --with-tune=generic --enable-offload-targets=nvptx-none,hsa --without-cuda-driver --enable-checking=release --build=x86_64-linux-gnu --host=x86_64-linux-gnu --target=x86_64-linux-gnu
Thread model: posix
gcc version 9.3.0 (Ubuntu 9.3.0-10ubuntu2) 
COMPILER_PATH=/usr/lib/gcc/x86_64-linux-gnu/9/:/usr/lib/gcc/x86_64-linux-gnu/9/:/usr/lib/gcc/x86_64-linux-gnu/:/usr/lib/gcc/x86_64-linux-gnu/9/:/usr/lib/gcc/x86_64-linux-gnu/
LIBRARY_PATH=/usr/lib/gcc/x86_64-linux-gnu/9/:/usr/lib/gcc/x86_64-linux-gnu/9/../../../x86_64-linux-gnu/:/usr/lib/gcc/x86_64-linux-gnu/9/../../../../lib/:/lib/x86_64-linux-gnu/:/lib/../lib/:/usr/lib/x86_64-linux-gnu/:/usr/lib/../lib/:/usr/lib/gcc/x86_64-linux-gnu/9/../../../:/lib/:/usr/lib/
COLLECT_GCC_OPTIONS='-v' '-o' 'cmTC_23cab' '-mtune=generic' '-march=x86-64'
 /usr/lib/gcc/x86_64-linux-gnu/9/collect2 -plugin /usr/lib/gcc/x86_64-linux-gnu/9/liblto_plugin.so -plugin-opt=/usr/lib/gcc/x86_64-linux-gnu/9/lto-wrapper -plugin-opt=-fresolution=/tmp/cciOeItF.res -plugin-opt=-pass-through=-lgcc -plugin-opt=-pass-through=-lgcc_s -plugin-opt=-pass-through=-lc -plugin-opt=-pass-through=-lgcc -plugin-opt=-pass-through=-lgcc_s --build-id --eh-frame-hdr -m elf_x86_64 --hash-style=gnu --as-needed -dynamic-linker /lib64/ld-linux-x86-64.so.2 -pie -z now -z relro -o cmTC_23cab /usr/lib/gcc/x86_64-linux-gnu/9/../../../x86_64-linux-gnu/Scrt1.o /usr/lib/gcc/x86_64-linux-gnu/9/../../../x86_64-linux-gnu/crti.o /usr/lib/gcc/x86_64-linux-gnu/9/crtbeginS.o -L/usr/lib/gcc/x86_64-linux-gnu/9 -L/usr/lib/gcc/x86_64-linux-gnu/9/../../../x86_64-linux-gnu -L/usr/lib/gcc/x86_64-linux-gnu/9/../../../../lib -L/lib/x86_64-linux-gnu -L/lib/../lib -L/usr/lib/x86_64-linux-gnu -L/usr/lib/../lib -L/usr/lib/gcc/x86_64-linux-gnu/9/../../.. CMakeFiles/cmTC_23cab.dir/CMakeCCompilerABI.c.o -lgcc --push-state --as-needed -lgcc_s --pop-state -lc -lgcc --push-state --as-needed -lgcc_s --pop-state /usr/lib/gcc/x86_64-linux-gnu/9/crtendS.o /usr/lib/gcc/x86_64-linux-gnu/9/../../../x86_64-linux-gnu/crtn.o
COLLECT_GCC_OPTIONS='-v' '-o' 'cmTC_23cab' '-mtune=generic' '-march=x86-64'


Cannot copy output executable
  ''
to destination specified by COPY_FILE:
  '/home/william/Documents/MatrixStrategy/MatrixStrategy/build/CMakeFiles/3.16.3/CMakeDetermineCompilerABI_C.bin'
Unable to find the executable at any of:
  /home/william/Documents/MatrixStrategy/MatrixStrategy/build/CMakeFiles/CMakeTmp/cmTC_23cab
  /home/william/Documents/MatrixStrategy/MatrixStrategy/build/CMakeFiles/CMakeTmp/Debug/cmTC_23cab
  /home/william/Documents/MatrixStrategy/MatrixStrategy/build/CMakeFiles/CMakeTmp/Development/cmTC_23cab


Detecting CXX compiler ABI info failed to compile with the following output:
Change Dir: /home/william/Documents/MatrixStrategy/MatrixStrategy/build/CMakeFiles/CMakeTmp

Run Build Command(s):/usr/bin/ninja cmTC_e9dc9 && [1/2] Building CXX object CMakeFiles/cmTC_e9dc9.dir/CMakeCXXCompilerABI.cpp.o
Using built-in specs.
COLLECT_GCC=/usr/bin/c++
OFFLOAD_TARGET_NAMES=nvptx-none:hsa
OFFLOAD_TARGET_DEFAULT=1
Target: x86_64-linux-gnu
Configured with: ../src/configure -v --with-pkgversion='Ubuntu 9.3.0-10ubuntu2' --with-bugurl=file:///usr/share/doc/gcc-9/README.Bugs --enable-languages=c,ada,c++,go,brig,d,fortran,objc,obj-c++,gm2 --prefix=/usr --with-gcc-major-version-only --program-suffix=-9 --program-prefix=x86_64-linux-gnu- --enable-shared --enable-linker-build-id --libexecdir=/usr/lib --without-included-gettext --enable-threads=posix --libdir=/usr/lib --enable-nls --enable-clocale=gnu --enable-libstdcxx-debug --enable-libstdcxx-time=yes --with-default-libstdcxx-abi=new --enable-gnu-unique-object --disable-vtable-verify --enable-plugin --enable-default-pie --with-system-zlib --with-target-system-zlib=auto --enable-objc-gc=auto --enable-multiarch --disable-werror --with-arch-32=i686 --with-abi=m64 --with-multilib-list=m32,m64,mx32 --enable-multilib --with-tune=generic --enable-offload-targets=nvptx-none,hsa --without-cuda-driver --enable-checking=release --build=x86_64-linux-gnu --host=x86_64-linux-gnu --target=x86_64-linux-gnu
Thread model: posix
gcc version 9.3.0 (Ubuntu 9.3.0-10ubuntu2) 
COLLECT_GCC_OPTIONS='-v' '-o' 'CMakeFiles/cmTC_e9dc9.dir/CMakeCXXCompilerABI.cpp.o' '-c' '-shared-libgcc' '-mtune=generic' '-march=x86-64'
 /usr/lib/gcc/x86_64-linux-gnu/9/cc1plus -quiet -v -imultiarch x86_64-linux-gnu -D_GNU_SOURCE /usr/share/cmake-3.16/Modules/CMakeCXXCompilerABI.cpp -quiet -dumpbase CMakeCXXCompilerABI.cpp -mtune=generic -march=x86-64 -auxbase-strip CMakeFiles/cmTC_e9dc9.dir/CMakeCXXCompilerABI.cpp.o -version -fasynchronous-unwind-tables -fstack-protector-strong -Wformat -Wformat-security -fstack-clash-protection -fcf-protection -o /tmp/ccCuy2pX.s
GNU C++14 (Ubuntu 9.3.0-10ubuntu2) version 9.3.0 (x86_64-linux-gnu)
	compiled by GNU C version 9.3.0, GMP version 6.2.0, MPFR version 4.0.2, MPC version 1.1.0, isl version isl-0.22.1-GMP

GGC heuristics: --param ggc-min-expand=100 --param ggc-min-heapsize=131072
ignoring duplicate directory "/usr/include/x86_64-linux-gnu/c++/9"
ignoring nonexistent directory "/usr/local/include/x86_64-linux-gnu"
ignoring nonexistent directory "/usr/lib/gcc/x86_64-linux-gnu/9/include-fixed"
ignoring nonexistent directory "/usr/lib/gcc/x86_64-linux-gnu/9/../../../../x86_64-linux-gnu/include"
#include "..." search starts here:
#include <...> search starts here:
 /usr/include/c++/9
 /usr/include/x86_64-linux-gnu/c++/9
 /usr/include/c++/9/backward
 /usr/lib/gcc/x86_64-linux-gnu/9/include
 /usr/local/include
 /usr/include/x86_64-linux-gnu
 /usr/include
End of search list.
GNU C++14 (Ubuntu 9.3.0-10ubuntu2) version 9.3.0 (x86_64-linux-gnu)
	compiled by GNU C version 9.3.0, GMP version 6.2.0, MPFR version 4.0.2, MPC version 1.1.0, isl version isl-0.22.1-GMP

GGC heuristics: --param ggc-min-expand=100 --param ggc-min-heapsize=131072
Compiler executable checksum: a3d04a02fbd98a786d710618ca593f02
COLLECT_GCC_OPTIONS='-v' '-o' 'CMakeFiles/cmTC_e9dc9.dir/CMakeCXXCompilerABI.cpp.o' '-c' '-shared-libgcc' '-mtune=generic' '-march=x86-64'
 as -v --64 -o CMakeFiles/cmTC_e9dc9.dir/CMakeCXXCompilerABI.cpp.o /tmp/ccCuy2pX.s
GNU assembler version 2.34 (x86_64-linux-gnu) using BFD version (GNU Binutils for Ubuntu) 2.34
COMPILER_PATH=/usr/lib/gcc/x86_64-linux-gnu/9/:/usr/lib/gcc/x86_64-linux-gnu/9/:/usr/lib/gcc/x86_64-linux-gnu/:/usr/lib/gcc/x86_64-linux-gnu/9/:/usr/lib/gcc/x86_64-linux-gnu/
LIBRARY_PATH=/usr/lib/gcc/x86_64-linux-gnu/9/:/usr/lib/gcc/x86_64-linux-gnu/9/../../../x86_64-linux-gnu/:/usr/lib/gcc/x86_64-linux-gnu/9/../../../../lib/:/lib/x86_64-linux-gnu/:/lib/../lib/:/usr/lib/x86_64-linux-gnu/:/usr/lib/../lib/:/usr/lib/gcc/x86_64-linux-gnu/9/../../../:/lib/:/usr/lib/
COLLECT_GCC_OPTIONS='-v' '-o' 'CMakeFiles/cmTC_e9dc9.dir/CMakeCXXCompilerABI.cpp.o' '-c' '-shared-libgcc' '-mtune=generic' '-march=x86-64'
[2/2] Linking CXX executable cmTC_e9dc9
Using built-in specs.
COLLECT_GCC=/usr/bin/c++
COLLECT_LTO_WRAPPER=/usr/lib/gcc/x86_64-linux-gnu/9/lto-wrapper
OFFLOAD_TARGET_NAMES=nvptx-none:hsa
OFFLOAD_TARGET_DEFAULT=1
Target: x86_64-linux-gnu
Configured with: ../src/configure -v --with-pkgversion='Ubuntu 9.3.0-10ubuntu2' --with-bugurl=file:///usr/share/doc/gcc-9/README.Bugs --enable-languages=c,ada,c++,go,brig,d,fortran,objc,obj-c++,gm2 --prefix=/usr --with-gcc-major-version-only --program-suffix=-9 --program-prefix=x86_64-linux-gnu- --enable-shared --enable-linker-build-id --libexecdir=/usr/lib --without-included-gettext --enable-threads=posix --libdir=/usr/lib --enable-nls --enable-clocale=gnu --enable-libstdcxx-debug --enable-libstdcxx-time=yes --with-default-libstdcxx-abi=new --enable-gnu-unique-object --disable-vtable-verify --enable-plugin --enable-default-pie --with-system-zlib --with-target-system-zlib=auto --enable-objc-gc=auto --enable-multiarch --disable-werror --with-arch-32=i686 --with-abi=m64 --with-multilib-list=m32,m64,mx32 --enable-multilib --with-tune=generic --enable-offload-targets=nvptx-none,hsa --without-cuda-driver --enable-checking=release --build=x86_64-linux-gnu --host=x86_64-linux-gnu --target=x86_64-linux-gnu
Thread model: posix
gcc version 9.3.0 (Ubuntu 9.3.0-10ubuntu2) 
COMPILER_PATH=/usr/lib/gcc/x86_64-linux-gnu/9/:/usr/lib/gcc/x86_64-linux-gnu/9/:/usr/lib/gcc/x86_64-linux-gnu/:/usr/lib/gcc/x86_64-linux-gnu/9/:/usr/lib/gcc/x86_64-linux-gnu/
LIBRARY_PATH=/usr/lib/gcc/x86_64-linux-gnu/9/:/usr/lib/gcc/x86_64-linux-gnu/9/../../../x86_64-linux-gnu/:/usr/lib/gcc/x86_64-linux-gnu/9/../../../../lib/:/lib/x86_64-linux-gnu/:/lib/../lib/:/usr/lib/x86_64-linux-gnu/:/usr/lib/../lib/:/usr/lib/gcc/x86_64-linux-gnu/9/../../../:/lib/:/usr/lib/
COLLECT_GCC_OPTIONS='-v' '-o' 'cmTC_e9dc9' '-shared-libgcc' '-mtune=generic' '-march=x86-64'
 /usr/lib/gcc/x86_64-linux-gnu/9/collect2 -plugin /usr/lib/gcc/x86_64-linux-gnu/9/liblto_plugin.so -plugin-opt=/usr/lib/gcc/x86_64-linux-gnu/9/lto-wrapper -plugin-opt=-fresolution=/tmp/ccBqVDxU.res -plugin-opt=-pass-through=-lgcc_s -plugin-opt=-pass-through=-lgcc -plugin-opt=-pass-through=-lc -plugin-opt=-pass-through=-lgcc_s -plugin-opt=-pass-through=-lgcc --build-id --eh-frame-hdr -m elf_x86_64 --hash-style=gnu --as-needed -dynamic-linker /lib64/ld-linux-x86-64.so.2 -pie -z now -z relro -o cmTC_e9dc9 /usr/lib/gcc/x86_64-linux-gnu/9/../../../x86_64-linux-gnu/Scrt1.o /usr/lib/gcc/x86_64-linux-gnu/9/../../../x86_64-linux-gnu/crti.o /usr/lib/gcc/x86_64-linux-gnu/9/crtbeginS.o -L/usr/lib/gcc/x86_64-linux-gnu/9 -L/usr/lib/gcc/x86_64-linux-gnu/9/../../../x86_64-linux-gnu -L/usr/lib/gcc/x86_64-linux-gnu/9/../../../../lib -L/lib/x86_64-linux-gnu -L/lib/../lib -L/usr/lib/x86_64-linux-gnu -L/usr/lib/../lib -L/usr/lib/gcc/x86_64-linux-gnu/9/../../.. CMakeFiles/cmTC_e9dc9.dir/CMakeCXXCompilerABI.cpp.o -lstdc++ -lm -lgcc_s -lgcc -lc -lgcc_s -lgcc /usr/lib/gcc/x86_64-linux-gnu/9/crtendS.o /usr/lib/gcc/x86_64-linux-gnu/9/../../../x86_64-linux-gnu/crtn.o
COLLECT_GCC_OPTIONS='-v' '-o' 'cmTC_e9dc9' '-shared-libgcc' '-mtune=generic' '-march=x86-64'


Cannot copy output executable
  ''
to destination specified by COPY_FILE:
  '/home/william/Documents/MatrixStrategy/MatrixStrategy/build/CMakeFiles/3.16.3/CMakeDetermineCompilerABI_CXX.bin'
Unable to find the executable at any of:
  /home/william/Documents/MatrixStrategy/MatrixStrategy/build/CMakeFiles/CMakeTmp/cmTC_e9dc9
  /home/william/Documents/MatrixStrategy/MatrixStrategy/build/CMakeFiles/CMakeTmp/Debug/cmTC_e9dc9
  /home/william/Documents/MatrixStrategy/MatrixStrategy/build/CMakeFiles/CMakeTmp/Development/cmTC_e9dc9


Compiling the CUDA compiler identification source file "CMakeCUDACompilerId.cu" failed.
Compiler: /bin/nvcc 
Build flags: 
Id flags:  -v;--keep;--keep-dir;tmp

The output was:
2
#$ _SPACE_= 
#$ _CUDART_=cudart
#$ _HERE_=/usr/lib/nvidia-cuda-toolkit/bin
#$ _THERE_=/usr/lib/nvidia-cuda-toolkit/bin
#$ _TARGET_SIZE_=
#$ _TARGET_DIR_=
#$ _TARGET_SIZE_=64
#$ NVVMIR_LIBRARY_DIR=/usr/lib/nvidia-cuda-toolkit/libdevice
#$ PATH=/usr/lib/nvidia-cuda-toolkit/bin:/home/linuxbrew/.linuxbrew/bin:/home/linuxbrew/.linuxbrew/sbin:/home/linuxbrew/.linuxbrew/bin:/home/linuxbrew/.linuxbrew/sbin:/usr/local/sbin:/usr/local/bin:/usr/sbin:/usr/bin:/sbin:/bin:/usr/games:/usr/local/games:/snap/bin
#$ LIBRARIES=  -L/usr/lib/x86_64-linux-gnu/stubs -L/usr/lib/x86_64-linux-gnu
#$ rm tmp/a_dlink.reg.c
#$ gcc -D__CUDA_ARCH__=300 -E -x c++  -DCUDA_DOUBLE_MATH_FUNCTIONS -D__CUDACC__ -D__NVCC__   -D__CUDACC_VER_MAJOR__=10 -D__CUDACC_VER_MINOR__=1 -D__CUDACC_VER_BUILD__=243 -include "cuda_runtime.h" -m64 "CMakeCUDACompilerId.cu" > "tmp/CMakeCUDACompilerId.cpp1.ii" 
sh: 0: getcwd() failed: No such file or directory
sh: 1: cannot create tmp/CMakeCUDACompilerId.cpp1.ii: Directory nonexistent
# --error 0x2 --


Compiling the CUDA compiler identification source file "CMakeCUDACompilerId.cu" failed.
Compiler: /usr/bin/nvcc 
Build flags: 
Id flags:  -v;--keep;--keep-dir;tmp

The output was:
2
#$ _SPACE_= 
#$ _CUDART_=cudart
#$ _HERE_=/usr/lib/nvidia-cuda-toolkit/bin
#$ _THERE_=/usr/lib/nvidia-cuda-toolkit/bin
#$ _TARGET_SIZE_=
#$ _TARGET_DIR_=
#$ _TARGET_SIZE_=64
#$ NVVMIR_LIBRARY_DIR=/usr/lib/nvidia-cuda-toolkit/libdevice
#$ PATH=/usr/lib/nvidia-cuda-toolkit/bin:/home/linuxbrew/.linuxbrew/bin:/home/linuxbrew/.linuxbrew/sbin:/home/linuxbrew/.linuxbrew/bin:/home/linuxbrew/.linuxbrew/sbin:/usr/local/sbin:/usr/local/bin:/usr/sbin:/usr/bin:/sbin:/bin:/usr/games:/usr/local/games:/snap/bin
#$ LIBRARIES=  -L/usr/lib/x86_64-linux-gnu/stubs -L/usr/lib/x86_64-linux-gnu
#$ rm tmp/a_dlink.reg.c
#$ gcc -D__CUDA_ARCH__=300 -E -x c++  -DCUDA_DOUBLE_MATH_FUNCTIONS -D__CUDACC__ -D__NVCC__   -D__CUDACC_VER_MAJOR__=10 -D__CUDACC_VER_MINOR__=1 -D__CUDACC_VER_BUILD__=243 -include "cuda_runtime.h" -m64 "CMakeCUDACompilerId.cu" > "tmp/CMakeCUDACompilerId.cpp1.ii" 
sh: 0: getcwd() failed: No such file or directory
sh: 1: cannot create tmp/CMakeCUDACompilerId.cpp1.ii: Directory nonexistent
# --error 0x2 --


Compiling the CUDA compiler identification source file "CMakeCUDACompilerId.cu" failed.
Compiler: /bin/nvcc 
Build flags: 
Id flags:  -v;--keep;--keep-dir;tmp

The output was:
2
#$ _SPACE_= 
#$ _CUDART_=cudart
#$ _HERE_=/usr/lib/nvidia-cuda-toolkit/bin
#$ _THERE_=/usr/lib/nvidia-cuda-toolkit/bin
#$ _TARGET_SIZE_=
#$ _TARGET_DIR_=
#$ _TARGET_SIZE_=64
#$ NVVMIR_LIBRARY_DIR=/usr/lib/nvidia-cuda-toolkit/libdevice
#$ PATH=/usr/lib/nvidia-cuda-toolkit/bin:/home/linuxbrew/.linuxbrew/bin:/home/linuxbrew/.linuxbrew/sbin:/home/linuxbrew/.linuxbrew/bin:/home/linuxbrew/.linuxbrew/sbin:/usr/local/sbin:/usr/local/bin:/usr/sbin:/usr/bin:/sbin:/bin:/usr/games:/usr/local/games:/snap/bin
#$ LIBRARIES=  -L/usr/lib/x86_64-linux-gnu/stubs -L/usr/lib/x86_64-linux-gnu
#$ rm tmp/a_dlink.reg.c
#$ gcc -D__CUDA_ARCH__=300 -E -x c++  -DCUDA_DOUBLE_MATH_FUNCTIONS -D__CUDACC__ -D__NVCC__   -D__CUDACC_VER_MAJOR__=10 -D__CUDACC_VER_MINOR__=1 -D__CUDACC_VER_BUILD__=243 -include "cuda_runtime.h" -m64 "CMakeCUDACompilerId.cu" > "tmp/CMakeCUDACompilerId.cpp1.ii" 
sh: 0: getcwd() failed: No such file or directory
sh: 1: cannot create tmp/CMakeCUDACompilerId.cpp1.ii: Directory nonexistent
# --error 0x2 --


Compiling the C compiler identification source file "CMakeCCompilerId.c" failed.
Compiler: /usr/bin/cc 
Build flags: 
Id flags:  

The output was:
1
cc: error: CMakeCCompilerId.c: No such file or directory
cc: fatal error: no input files
compilation terminated.


Compiling the C compiler identification source file "CMakeCCompilerId.c" failed.
Compiler: /bin/gcc-9 
Build flags: 
Id flags:  

The output was:
1
gcc-9: error: CMakeCCompilerId.c: No such file or directory
gcc-9: fatal error: no input files
compilation terminated.


Determining if the C compiler works failed with the following output:
Change Dir: /home/william/Documents/MatrixStrategy/MatrixStrategy/build/CMakeFiles/CMakeTmp

Run Build Command(s):/usr/bin/ninja cmTC_cdd77 && ninja: error: unknown target 'cmTC_cdd77'



Determining if the C compiler works failed with the following output:
Change Dir: /home/william/Documents/MatrixStrategy/MatrixStrategy/build/CMakeFiles/CMakeTmp

Run Build Command(s):/usr/bin/ninja cmTC_2287d && ninja: error: loading 'build.ninja': No such file or directory



Compilation of the CXX compiler identification source "CMakeCXXCompilerId.cpp" did not produce an executable in "/home/william/Documents/MatrixStrategy/MatrixStrategy/build/CMakeFiles/3.16.3/CompilerIdCXX".

Compiling the CXX compiler identification source file "CMakeCXXCompilerId.cpp" failed.
Compiler: /bin/g++-9 
Build flags: 
Id flags:  

The output was:
1
cc1plus: fatal error: CMakeCXXCompilerId.cpp: No such file or directory
compilation terminated.


Determining if the C compiler works failed with the following output:
Change Dir: /home/william/Documents/MatrixStrategy/MatrixStrategy/build/CMakeFiles/CMakeTmp

Run Build Command(s):/usr/bin/ninja cmTC_fd0e0 && ninja: error: unknown target 'cmTC_fd0e0'



Determining if the CXX compiler works failed with the following output:
Change Dir: /home/william/Documents/MatrixStrategy/MatrixStrategy/build/CMakeFiles/CMakeTmp

Run Build Command(s):/usr/bin/ninja cmTC_f9e12 && [1/2] Building CXX object CMakeFiles/cmTC_f9e12.dir/testCXXCompiler.cxx.o
FAILED: CMakeFiles/cmTC_f9e12.dir/testCXXCompiler.cxx.o 
/bin/g++-9     -o CMakeFiles/cmTC_f9e12.dir/testCXXCompiler.cxx.o -c testCXXCompiler.cxx
g++-9: error: testCXXCompiler.cxx: No such file or directory
g++-9: fatal error: no input files
compilation terminated.
ninja: build stopped: subcommand failed.



