png_sRGB_table
png_sRGB_base
png_sRGB_delta
png_affirm
png_handled_affirm
png_bit_affirm
png_char_affirm
png_byte_affirm
png_u16_affirm
png_calc_rowbytes
png_max_pixel_block
png_copy_row
png_zstream_error
png_fixed
png_malloc_base
png_malloc_array
png_realloc_array
png_create_png_struct
png_destroy_png_struct
png_free_jmpbuf
png_zalloc
png_zfree
png_default_read_data
png_default_write_data
png_default_flush
png_reset_crc
png_write_data
png_read_sig
png_read_data
png_crc_read
png_crc_finish
png_calculate_crc
png_write_IHDR
png_write_PLTE
png_write_IEND
png_write_gAMA_fixed
png_write_sBIT
png_write_cHRM_fixed
png_write_sRGB
png_write_iCCP
png_write_sPLT
png_write_tRNS
png_write_bKGD
png_write_hIST
png_write_tEXt
png_write_zTXt
png_write_iTXt
png_set_text_2
png_write_oFFs
png_write_pCAL
png_write_pHYs
png_write_tIME
png_write_sCAL_s
png_write_start_IDAT
png_write_png_data
png_write_png_rows
png_deflate_destroy
png_transform_free
png_init_transform_control
png_run_this_transform_list_forwards
png_run_transform_list_forwards
png_run_transform_list_backwards
png_add_transform
png_push_transform
png_transform_cast_check
png_remove_transform
png_read_init_transform_mech
png_read_transform_info
png_init_read_pack
png_init_write_pack
png_do_strip_channel
png_do_invert
png_do_invert_alpha
png_add_rgb_to_gray_byte_ops
png_push_gray_to_rgb_byte_ops
png_add_strip_alpha_byte_ops
png_read_buffer
png_read_start_IDAT
png_read_process_IDAT
png_read_free_row_buffers
png_read_finish_IDAT
png_cache_known_unknown
png_find_chunk_op
png_check_chunk_name
png_check_chunk_length
png_handle_unknown
png_handle_chunk
png_init_row_info
png_colorspace_set_gamma
png_colorspace_sync_info
png_colorspace_sync
png_colorspace_set_chromaticities
png_colorspace_set_endpoints
png_colorspace_set_sRGB
png_colorspace_set_ICC
png_icc_check_length
png_icc_check_header
png_icc_check_tag_table
png_icc_set_sRGB
png_check_IHDR
png_fixed_error
png_safecat
png_format_number
png_warning_parameter
png_warning_parameter_unsigned
png_warning_parameter_signed
png_formatted_warning
png_app_warning
png_app_error
png_chunk_report
png_ascii_from_fp
png_ascii_from_fixed
png_check_fp_number
png_check_fp_string
png_muldiv
png_gamma_nxmbit_correct
png_gamma_check
png_need_gamma_correction
png_safe_error
png_safe_warning
png_safe_execute
png_image_error
png_image_init_io
png_read_setting
png_write_setting
png_init_filter_functions_neon
